<?xml version="1.0" encoding="UTF-8"?>
<testsuite xmlns:xsi="http://www.w3.org/2001/XMLSchema-instance" xsi:noNamespaceSchemaLocation="https://maven.apache.org/surefire/maven-surefire-plugin/xsd/surefire-test-report-3.0.xsd" version="3.0" name="org.mindtickle.helpers.UserServiceHelperTest" time="0.19" tests="3" errors="0" skipped="0" failures="0">
  <properties>
[...]
</properties>
  <testcase name="StubbingGETMethod(int, String, String, String, String, String, String, int)[1]" classname="org.mindtickle.helpers.UserServiceHelperTest" time="0.046"/>
  <testcase name="StubbingPOSTMethod(int, String, String, String, String, String, String, int)[1]" classname="org.mindtickle.helpers.UserServiceHelperTest" time="0.092">
    <system-out><![CDATA[Request URI:	http://localhost:8080/v2/user/createWithArray
Request method:	POST
Body:
[
    {
        "id": 123,
        "username": "user1",
        "firstName": "fn1",
        "lastName": "ln1",
        "email": "e1",
        "password": "pwd1",
        "phone": "phn1",
        "userStatus": 0,
        "additionalProperties": {
            
        }
    }
]
]]></system-out>
  </testcase>
  <testcase name="StubbingPUTMethod(int, String, String, String, String, String, String, int)[1]" classname="org.mindtickle.helpers.UserServiceHelperTest" time="0.032">
    <system-out><![CDATA[Request URI:	http://localhost:8080/v2/user/user1
Request method:	PUT
]]></system-out>
  </testcase>
</testsuite>